  stdafx.cpp
  Leet.cpp
c:\users\sanand2\dropbox\myprojects\leet\leet.cpp(78): warning C4018: '<=': signed/unsigned mismatch
c:\users\sanand2\dropbox\myprojects\leet\leet.cpp(91): warning C4018: '<': signed/unsigned mismatch
c:\users\sanand2\dropbox\myprojects\leet\leet.cpp(223): warning C4018: '>=': signed/unsigned mismatch
c:\users\sanand2\dropbox\myprojects\leet\leet.cpp(391): warning C4018: '<': signed/unsigned mismatch
c:\users\sanand2\dropbox\myprojects\leet\leet.cpp(639): warning C4018: '<=': signed/unsigned mismatch
c:\users\sanand2\dropbox\myprojects\leet\leet.cpp(646): warning C4018: '<=': signed/unsigned mismatch
c:\users\sanand2\dropbox\myprojects\leet\leet.cpp(700): warning C4018: '<': signed/unsigned mismatch
c:\users\sanand2\dropbox\myprojects\leet\leet.cpp(722): warning C4018: '<': signed/unsigned mismatch
c:\users\sanand2\dropbox\myprojects\leet\leet.cpp(782): warning C4018: '<=': signed/unsigned mismatch
c:\users\sanand2\dropbox\myprojects\leet\leet.cpp(895): warning C4018: '<': signed/unsigned mismatch
c:\users\sanand2\dropbox\myprojects\leet\leet.cpp(902): warning C4018: '<': signed/unsigned mismatch
c:\users\sanand2\dropbox\myprojects\leet\leet.cpp(906): warning C4018: '<': signed/unsigned mismatch
c:\users\sanand2\dropbox\myprojects\leet\leet.cpp(911): warning C4018: '<': signed/unsigned mismatch
c:\users\sanand2\dropbox\myprojects\leet\leet.cpp(913): warning C4018: '<': signed/unsigned mismatch
c:\users\sanand2\dropbox\myprojects\leet\leet.cpp(920): warning C4018: '<': signed/unsigned mismatch
c:\users\sanand2\dropbox\myprojects\leet\leet.cpp(922): warning C4018: '<': signed/unsigned mismatch
c:\users\sanand2\dropbox\myprojects\leet\leet.cpp(941): warning C4018: '<': signed/unsigned mismatch
c:\users\sanand2\dropbox\myprojects\leet\leet.cpp(951): warning C4018: '<': signed/unsigned mismatch
c:\users\sanand2\dropbox\myprojects\leet\leet.cpp(957): warning C4018: '<': signed/unsigned mismatch
c:\users\sanand2\dropbox\myprojects\leet\leet.cpp(963): warning C4018: '<': signed/unsigned mismatch
c:\users\sanand2\dropbox\myprojects\leet\leet.cpp(965): warning C4018: '<': signed/unsigned mismatch
c:\users\sanand2\dropbox\myprojects\leet\leet.cpp(1412): warning C4018: '<': signed/unsigned mismatch
c:\users\sanand2\dropbox\myprojects\leet\leet.cpp(1460): warning C4018: '<': signed/unsigned mismatch
c:\users\sanand2\dropbox\myprojects\leet\leet.cpp(1512): warning C4018: '<': signed/unsigned mismatch
c:\users\sanand2\dropbox\myprojects\leet\leet.cpp(1852): warning C4018: '<': signed/unsigned mismatch
  common_utils.cpp
c:\users\sanand2\dropbox\myprojects\leet\common_utils.cpp(18): warning C4018: '<=': signed/unsigned mismatch
c:\users\sanand2\dropbox\myprojects\leet\common_utils.cpp(30): warning C4018: '<=': signed/unsigned mismatch
c:\users\sanand2\dropbox\myprojects\leet\common_utils.cpp(42): warning C4018: '<=': signed/unsigned mismatch
c:\users\sanand2\dropbox\myprojects\leet\common_utils.cpp(48): warning C4244: 'initializing': conversion from 'std::chrono::system_clock::rep' to 'unsigned int', possible loss of data
  61_rotate_list.cpp
  36_valid_sudoku.cpp
c:\users\sanand2\dropbox\myprojects\leet\36_valid_sudoku.cpp(28): warning C4018: '<': signed/unsigned mismatch
c:\users\sanand2\dropbox\myprojects\leet\36_valid_sudoku.cpp(105): warning C4018: '<': signed/unsigned mismatch
c:\users\sanand2\dropbox\myprojects\leet\36_valid_sudoku.cpp(114): warning C4018: '<': signed/unsigned mismatch
c:\users\sanand2\dropbox\myprojects\leet\36_valid_sudoku.cpp(125): warning C4018: '<': signed/unsigned mismatch
  23_merge_k_sorted_lists.cpp
  234_palindrome_linked_list.cpp
  189_rotate_array.cpp
  172_trailing_zeros_in_factorial.cpp
  153_minimum_in_sortd_rotated_array.cpp
  125_valid_palindrome.cpp
  Generating Code...
c:\users\sanand2\dropbox\myprojects\leet\234_palindrome_linked_list.cpp(14): warning C4715: 'is_palindrome': not all control paths return a value
c:\users\sanand2\dropbox\myprojects\leet\leet.cpp(1220): warning C4715: 'Solution::problem_100': not all control paths return a value
  Leet.vcxproj -> C:\Users\sanand2\Dropbox\MyProjects\Leet\Debug\Leet.exe
