  Leet.cpp
c:\users\sanand2\dropbox\myprojects\leet\LinkedList.h(81): warning C4018: '<': signed/unsigned mismatch
Leet.cpp(106): warning C4018: '<=': signed/unsigned mismatch
Leet.cpp(119): warning C4018: '<': signed/unsigned mismatch
Leet.cpp(251): warning C4018: '>=': signed/unsigned mismatch
Leet.cpp(419): warning C4018: '<': signed/unsigned mismatch
Leet.cpp(667): warning C4018: '<=': signed/unsigned mismatch
Leet.cpp(674): warning C4018: '<=': signed/unsigned mismatch
Leet.cpp(728): warning C4018: '<': signed/unsigned mismatch
Leet.cpp(750): warning C4018: '<': signed/unsigned mismatch
Leet.cpp(810): warning C4018: '<=': signed/unsigned mismatch
Leet.cpp(923): warning C4018: '<': signed/unsigned mismatch
Leet.cpp(930): warning C4018: '<': signed/unsigned mismatch
Leet.cpp(934): warning C4018: '<': signed/unsigned mismatch
Leet.cpp(939): warning C4018: '<': signed/unsigned mismatch
Leet.cpp(941): warning C4018: '<': signed/unsigned mismatch
Leet.cpp(948): warning C4018: '<': signed/unsigned mismatch
Leet.cpp(950): warning C4018: '<': signed/unsigned mismatch
Leet.cpp(969): warning C4018: '<': signed/unsigned mismatch
Leet.cpp(979): warning C4018: '<': signed/unsigned mismatch
Leet.cpp(985): warning C4018: '<': signed/unsigned mismatch
Leet.cpp(991): warning C4018: '<': signed/unsigned mismatch
Leet.cpp(993): warning C4018: '<': signed/unsigned mismatch
Leet.cpp(1439): warning C4018: '<': signed/unsigned mismatch
Leet.cpp(1487): warning C4018: '<': signed/unsigned mismatch
Leet.cpp(1539): warning C4018: '<': signed/unsigned mismatch
Leet.cpp(1868): warning C4018: '<': signed/unsigned mismatch
  Generating code
  1 of 1478 functions ( 0.1%) were compiled, the rest were copied from previous compilation.
    0 functions were new in current compilation
    0 functions had inline decision re-evaluated but remain unchanged
  Finished generating code
  Leet.vcxproj -> C:\Users\sanand2\Dropbox\MyProjects\Leet\Release\Leet.exe
